<?xml version="1.0" encoding="UTF-8"?>
<!-- Generated by org.testng.reporters.JUnitReportReporter -->
<testsuite hostname="BRILAP1765" name="com.rabit.tests.salesforce.LoginAndCreateAnOpportunity" tests="1" failures="0" timestamp="28 Sep 2020 06:32:16 GMT" time="93.520" errors="0">
  <testcase name="testOpportunities" time="93.520" classname="com.rabit.tests.salesforce.LoginAndCreateAnOpportunity"/>
</testsuite> <!-- com.rabit.tests.salesforce.LoginAndCreateAnOpportunity -->
