<?xml version="1.0" encoding="UTF-8"?>
<!-- Generated by org.testng.reporters.JUnitReportReporter -->
<testsuite hostname="BRILAP1765" name="com.rabit.tests.salesforce.LoginAndCreateAnAccount" tests="1" failures="0" timestamp="25 Sep 2020 07:37:12 GMT" time="48.835" errors="0">
  <testcase name="testAccount" time="48.835" classname="com.rabit.tests.salesforce.LoginAndCreateAnAccount"/>
</testsuite> <!-- com.rabit.tests.salesforce.LoginAndCreateAnAccount -->
